<testsuites id="" name="" tests="1" failures="0" skipped="0" errors="0" time="3.244593">
<testsuite name="game-flow.spec.ts" timestamp="2025-06-17T22:54:44.011Z" hostname="Mobile Chrome" tests="1" failures="0" skipped="0" time="1.803" errors="0">
<testcase name="should open store during gameplay" classname="game-flow.spec.ts" time="1.803">
<system-out>
<![CDATA[Browser console error: Warning: Unknown event handler property `%s`. It will be ignored.%s onSelectStart 
    at div
    at div
    at Question (http://localhost:5173/src/components/Question.tsx:21:3)
    at div
    at Game (http://localhost:5173/src/components/Game.tsx:44:37)
    at RenderedRoute (http://localhost:5173/node_modules/.vite/deps/react-router-dom.js?v=73e7e091:5455:26)
    at Routes (http://localhost:5173/node_modules/.vite/deps/react-router-dom.js?v=73e7e091:6188:3)
    at div
    at div
    at Router (http://localhost:5173/node_modules/.vite/deps/react-router-dom.js?v=73e7e091:6131:13)
    at BrowserRouter (http://localhost:5173/node_modules/.vite/deps/react-router-dom.js?v=73e7e091:9149:3)
    at App
Browser console error: Warning: Received `%s` for a non-boolean attribute `%s`.

If you want to write it to the DOM, pass a string instead: %s="%s" or %s={value.toString()}.%s true jsx jsx true jsx 
    at style
    at div
    at Question (http://localhost:5173/src/components/Question.tsx:21:3)
    at div
    at Game (http://localhost:5173/src/components/Game.tsx:44:37)
    at RenderedRoute (http://localhost:5173/node_modules/.vite/deps/react-router-dom.js?v=73e7e091:5455:26)
    at Routes (http://localhost:5173/node_modules/.vite/deps/react-router-dom.js?v=73e7e091:6188:3)
    at div
    at div
    at Router (http://localhost:5173/node_modules/.vite/deps/react-router-dom.js?v=73e7e091:6131:13)
    at BrowserRouter (http://localhost:5173/node_modules/.vite/deps/react-router-dom.js?v=73e7e091:9149:3)
    at App
]]>
</system-out>
</testcase>
</testsuite>
</testsuites>